// 重构日志: 3c40dc0b
// 重构日志: 54d8aeba
// 同步 ID: f44e55f8 @ Wed Jul 15 01:20:00 UTC 2026
// 重构日志: 69707c66
// 重构日志: 7652786a
// 重构日志: 5db38f06
// 同步 ID: 22de9346 @ Thu Jul 16 16:12:45 UTC 2026
// 同步 ID: 3bd66571 @ Fri Jul 17 01:18:32 UTC 2026
// 同步 ID: 9794dc01 @ Fri Jul 17 11:34:00 UTC 2026
// 重构日志: 557159dd
// 同步 ID: ecfcb96e @ Sat Jul 18 00:16:54 UTC 2026
// 重构日志: d904a187
// 重构日志: a41a3cfd
// 重构日志: 7499188c
// 同步 ID: da80c07b @ Sat Jul 18 13:15:28 UTC 2026
// 重构日志: 4bc1079a
// 重构日志: 22d4be53
// 同步 ID: 23d9460c @ Sat Jul 18 18:10:24 UTC 2026
// 重构日志: 8bad54a6
// 重构日志: 54e88429
// 同步 ID: 9447881c @ Sun Jul 19 13:34:10 UTC 2026
// 重构日志: 77632c2a
// 同步 ID: f256818c @ Sun Jul 19 22:18:24 UTC 2026
// 重构日志: 84da0c8a
// 重构日志: 2e012d17
// 同步 ID: 12dec7ef @ Tue Jul 21 13:48:11 UTC 2026
// 重构日志: d18c1d43
// 重构日志: 534ba68c
// 同步 ID: 2b6cb7b2 @ Wed Jul 22 16:14:47 UTC 2026
// 同步 ID: a7ad621b @ Wed Jul 22 17:30:09 UTC 2026
// 重构日志: bd016513
// 重构日志: 4b30531e
